<?xml version="1.0" encoding="UTF-8"?>
<!-- Generated by org.testng.reporters.JUnitXMLReporter -->
<testsuite ignored="0" hostname="DESKTOP-FPPAV2I" failures="0" tests="3" name="Test" time="0.189" errors="0" timestamp="2022-06-17T10:24:34 EDT">
  <testcase classname="testBase.TestBase" name="@BeforeMethod setupMethod" time="0.003">
    <failure type="java.lang.Error" message="Unresolved compilation problem: 
	The method implicitlyWait(long, TimeUnit) in the type WebDriver.Timeouts is not applicable for the arguments (Duration)
">
      <![CDATA[java.lang.Error: Unresolved compilation problem: 
The method implicitlyWait(long, TimeUnit) in the type WebDriver.Timeouts is not applicable for the arguments (Duration)

at testBase.TestBase.LaunchBrowserAndNavigate(TestBase.java:44)
at testBase.TestBase.setupMethod(TestBase.java:53)
at java.base/java.util.ArrayList.forEach(ArrayList.java:1511)
... Removed 31 stack frames]]>
    </failure>
  </testcase> <!-- @BeforeMethod setupMethod -->
  <testcase classname="testBase.TestBase" name="@AfterMethod cleanUp" time="-1.655475874947E9">
    <skipped/>
  </testcase> <!-- @AfterMethod cleanUp -->
  <testcase classname="testBase.TestBase" name="@BeforeMethod setupMethod" time="-1.655475874948E9">
    <skipped/>
  </testcase> <!-- @BeforeMethod setupMethod -->
  <testcase classname="testBase.TestBase" name="@AfterMethod cleanUp" time="-1.655475874952E9">
    <skipped/>
  </testcase> <!-- @AfterMethod cleanUp -->
  <testcase classname="testBase.TestBase" name="@BeforeMethod setupMethod" time="-1.655475874953E9">
    <skipped/>
  </testcase> <!-- @BeforeMethod setupMethod -->
  <testcase classname="testBase.TestBase" name="@AfterMethod cleanUp" time="-1.655475874957E9">
    <skipped/>
  </testcase> <!-- @AfterMethod cleanUp -->
  <testcase classname="insuranceCalculation_Motorcycle.EndToEndTests_motorcycle" name="insuranceCalculate" time="0.0">
    <skipped/>
  </testcase> <!-- insuranceCalculate -->
  <testcase classname="insuranceCalculation_Motorcycle.EndToEndTests_motorcycle" name="insuranceCalculate" time="0.0">
    <skipped/>
  </testcase> <!-- insuranceCalculate -->
  <testcase classname="insuranceCalculation_Motorcycle.EndToEndTests_motorcycle" name="insuranceCalculate" time="0.0">
    <skipped/>
  </testcase> <!-- insuranceCalculate -->
</testsuite> <!-- Test -->
